[23:27:04] [info] FLAME: Creating window Flame Editor (1600, 900)
[23:27:04] [info] FLAME: OpenGL Info:
[23:27:04] [info] FLAME:  Vendor: ATI Technologies Inc.
[23:27:04] [info] FLAME:  Renderer: AMD Radeon(TM) Graphics
[23:27:04] [info] FLAME:  Version: 4.6.13596 Compatibility Profile Context 20.10.28 27.20.1028.1
[23:27:22] [trace] FLAME: Deserializing scene 'Untitled'
[23:27:22] [trace] FLAME: Deserialized entity with ID = 12837192831273, name = Green Square
[23:27:22] [trace] FLAME: Deserialized entity with ID = 12837192831273, name = Red Square
[23:27:22] [trace] FLAME: Deserialized entity with ID = 12837192831273, name = Camera A
[23:27:22] [trace] FLAME: Deserialized entity with ID = 12837192831273, name = Camera B
[23:28:14] [trace] FLAME: Deserializing scene 'Untitled'
[23:28:14] [trace] FLAME: Deserialized entity with ID = 12837192831273, name = Green Square
[23:28:14] [trace] FLAME: Deserialized entity with ID = 12837192831273, name = Red Square
[23:28:14] [trace] FLAME: Deserialized entity with ID = 12837192831273, name = Camera A
[23:28:14] [trace] FLAME: Deserialized entity with ID = 12837192831273, name = Camera B
[23:28:21] [trace] FLAME: Deserializing scene 'Untitled'
[23:28:21] [trace] FLAME: Deserialized entity with ID = 12837192831273, name = Camera B
[23:28:21] [trace] FLAME: Deserialized entity with ID = 12837192831273, name = Camera A
[23:28:21] [trace] FLAME: Deserialized entity with ID = 12837192831273, name = Red Square
[23:28:21] [trace] FLAME: Deserialized entity with ID = 12837192831273, name = Green Square
[23:28:27] [trace] FLAME: Deserializing scene 'Untitled'
[23:28:27] [trace] FLAME: Deserialized entity with ID = 12837192831273, name = Green Square
[23:28:27] [trace] FLAME: Deserialized entity with ID = 12837192831273, name = Red Square
[23:28:27] [trace] FLAME: Deserialized entity with ID = 12837192831273, name = Camera A
[23:28:27] [trace] FLAME: Deserialized entity with ID = 12837192831273, name = Camera B
[23:28:36] [trace] FLAME: Deserializing scene 'Untitled'
[23:28:36] [trace] FLAME: Deserialized entity with ID = 12837192831273, name = Green Square
[23:28:36] [trace] FLAME: Deserialized entity with ID = 12837192831273, name = Red Square
[23:28:36] [trace] FLAME: Deserialized entity with ID = 12837192831273, name = Camera A
[23:28:36] [trace] FLAME: Deserialized entity with ID = 12837192831273, name = Camera B
[23:28:44] [trace] FLAME: Deserializing scene 'Untitled'
[23:28:44] [trace] FLAME: Deserialized entity with ID = 12837192831273, name = Camera B
[23:28:44] [trace] FLAME: Deserialized entity with ID = 12837192831273, name = Camera A
[23:28:44] [trace] FLAME: Deserialized entity with ID = 12837192831273, name = Red Square
[23:28:44] [trace] FLAME: Deserialized entity with ID = 12837192831273, name = Green Square
[23:29:48] [trace] FLAME: Deserializing scene 'Untitled'
[23:29:48] [trace] FLAME: Deserialized entity with ID = 12837192831273, name = Green Square
[23:29:48] [trace] FLAME: Deserialized entity with ID = 12837192831273, name = Red Square
[23:29:48] [trace] FLAME: Deserialized entity with ID = 12837192831273, name = Camera A
[23:29:48] [trace] FLAME: Deserialized entity with ID = 12837192831273, name = Camera B
